<?xml version="1.0" encoding="UTF-8"?>
<!-- Generated by org.testng.reporters.JUnitXMLReporter -->
<testsuite hostname="HOU-LT2282474" ignored="0" name="Test" tests="6" failures="0" timestamp="2021-03-14T20:55:48 CDT" time="3.683" errors="0">
  <testcase name="@BeforeClass beforeTest" time="3.635" classname="com.va.eprs.testcases.EprsE2ETest">
    <failure type="java.lang.RuntimeException" message="could not create the IE driver">
      <![CDATA[java.lang.RuntimeException: could not create the IE driver
at com.va.eprs.util.LoadDriver.ieDriver(LoadDriver.java:94)
at com.va.eprs.util.LoadDriver.createDriver(LoadDriver.java:38)
at com.va.eprs.testcases.EprsE2ETest.beforeTest(EprsE2ETest.java:36)
at java.util.ArrayList.forEach(ArrayList.java:1259)
... Removed 25 stack frames]]>
    </failure>
  </testcase> <!-- @BeforeClass beforeTest -->
  <testcase name="@AfterClass afterTest" time="-1.615773348087E9" classname="com.va.eprs.testcases.EprsE2ETest">
    <skipped/>
  </testcase> <!-- @AfterClass afterTest -->
  <testcase name="Test001_Quality_Check" time="0.0" classname="com.va.eprs.testcases.EprsE2ETest">
    <skipped/>
  </testcase> <!-- Test001_Quality_Check -->
  <testcase name="Test002_CCN_Issues" time="0.0" classname="com.va.eprs.testcases.EprsE2ETest">
    <skipped/>
  </testcase> <!-- Test002_CCN_Issues -->
  <testcase name="Test003_CCN_Congressional_Inquiry" time="0.0" classname="com.va.eprs.testcases.EprsE2ETest">
    <skipped/>
  </testcase> <!-- Test003_CCN_Congressional_Inquiry -->
  <testcase name="Test004_CCN_Corrective_Action_Plan" time="0.0" classname="com.va.eprs.testcases.EprsE2ETest">
    <skipped/>
  </testcase> <!-- Test004_CCN_Corrective_Action_Plan -->
  <testcase name="Test005_CCN_Deviations" time="0.0" classname="com.va.eprs.testcases.EprsE2ETest">
    <skipped/>
  </testcase> <!-- Test005_CCN_Deviations -->
  <testcase name="Test006_CCN_Waivers" time="0.0" classname="com.va.eprs.testcases.EprsE2ETest">
    <skipped/>
  </testcase> <!-- Test006_CCN_Waivers -->
</testsuite> <!-- Test -->
